[08:56:35] [main/INFO] (FabricLoader/GameProvider) Loading Minecraft 1.18.1 with Fabric Loader 0.13.3
[08:56:36] [main/INFO] (FabricLoader) Loading 52 mods:
	- fabric 0.46.4+1.18
	- fabric-api-base 0.4.2+d7c144a865
	- fabric-api-lookup-api-v1 1.5.3+d7c144a865
	- fabric-biome-api-v1 6.0.2+d7c144a865
	- fabric-blockrenderlayer-v1 1.1.10+3ac43d9565
	- fabric-command-api-v1 1.1.7+d7c144a865
	- fabric-commands-v0 0.2.6+b4f4f6cd65
	- fabric-containers-v0 0.1.19+d7c144a865
	- fabric-content-registries-v0 0.4.8+d7c144a865
	- fabric-crash-report-info-v1 0.1.9+3ac43d9565
	- fabric-data-generation-api-v1 1.1.4+d7c144a865
	- fabric-dimensions-v1 2.1.10+a1d9bbf565
	- fabric-entity-events-v1 1.4.6+d7c144a865
	- fabric-events-interaction-v0 0.4.17+d7c144a865
	- fabric-events-lifecycle-v0 0.2.9+d7c144a865
	- fabric-game-rule-api-v1 1.0.11+d7c144a865
	- fabric-gametest-api-v1 1.0.10+713c266865
	- fabric-item-api-v1 1.3.1+691a79b565
	- fabric-item-groups-v0 0.3.6+3ac43d9565
	- fabric-key-binding-api-v1 1.0.9+d7c144a865
	- fabric-keybindings-v0 0.2.7+b4f4f6cd65
	- fabric-lifecycle-events-v1 1.4.13+713c266865
	- fabric-loot-tables-v1 1.0.9+d7c144a865
	- fabric-mining-level-api-v1 1.0.6+d7c144a865
	- fabric-mining-levels-v0 0.1.11+b4f4f6cd65
	- fabric-models-v0 0.3.4+d7c144a865
	- fabric-networking-api-v1 1.0.19+d7c144a865
	- fabric-networking-v0 0.3.6+b4f4f6cd65
	- fabric-object-builder-api-v1 1.11.4+d7c144a865
	- fabric-object-builders-v0 0.7.12+d7c144a865
	- fabric-particles-v1 0.2.10+526dc1ac65
	- fabric-registry-sync-v0 0.9.2+ad01bfbd65
	- fabric-renderer-api-v1 0.4.11+b0b66fc365
	- fabric-renderer-indigo 0.4.15+6825030165
	- fabric-renderer-registries-v1 3.2.10+b4f4f6cd65
	- fabric-rendering-data-attachment-v1 0.3.5+d7c144a865
	- fabric-rendering-fluids-v1 0.1.19+3ac43d9565
	- fabric-rendering-v0 1.1.12+b4f4f6cd65
	- fabric-rendering-v1 1.10.6+713c266865
	- fabric-resource-conditions-api-v1 1.0.2+d7c144a865
	- fabric-resource-loader-v0 0.4.14+713c266865
	- fabric-screen-api-v1 1.0.8+d7c144a865
	- fabric-screen-handler-api-v1 1.1.12+d7c144a865
	- fabric-structure-api-v1 2.1.3+d7c144a865
	- fabric-tag-extensions-v0 1.2.8+d7c144a865
	- fabric-textures-v0 1.0.10+3ac43d9565
	- fabric-tool-attribute-api-v1 1.3.8+fb3b57b465
	- fabric-transfer-api-v1 1.5.9+d7c144a865
	- fabricloader 0.13.3
	- java 17
	- minecraft 1.18.1
	- odys 1.0.0-1.18.1
[08:56:36] [main/INFO] (FabricLoader/Mixin) SpongePowered MIXIN Subsystem Version=0.8.5 Source=file:/Users/renner/.gradle/caches/modules-2/files-2.1/net.fabricmc/sponge-mixin/0.11.2+mixin.0.8.5/f4ae569d559b5e3244b67321945261d83ff7ad8e/sponge-mixin-0.11.2+mixin.0.8.5.jar Service=Knot/Fabric Env=CLIENT
[08:56:36] [main/INFO] (FabricLoader/Mixin) Loaded Fabric development mappings for mixin remapper!
[08:56:36] [main/INFO] (FabricLoader/Mixin) Compatibility level set to JAVA_16
[08:56:36] [main/INFO] (FabricLoader/Mixin) Compatibility level set to JAVA_17
[08:56:44] [main/WARN] (FabricLoader/Mixin) @Inject(@At("INVOKE")) Shift.BY=3 on fabric-lifecycle-events-v1.mixins.json:client.WorldChunkMixin::handler$zzk000$onLoadBlockEntity exceeds the maximum allowed value: 0. Increase the value of maxShiftBy to suppress this warning.
[08:56:47] [Render thread/INFO] (Minecraft) Environment: authHost='https://authserver.mojang.com', accountsHost='https://api.mojang.com', sessionHost='https://sessionserver.mojang.com', servicesHost='https://api.minecraftservices.com', name='PROD'
[08:56:49] [Render thread/ERROR] (Minecraft) Failed to verify authentication
com.mojang.authlib.exceptions.InvalidCredentialsException: Status: 401
	at com.mojang.authlib.exceptions.MinecraftClientHttpException.toAuthenticationException(MinecraftClientHttpException.java:56) ~[authlib-3.2.38.jar:?]
	at com.mojang.authlib.yggdrasil.YggdrasilUserApiService.fetchProperties(YggdrasilUserApiService.java:132) ~[authlib-3.2.38.jar:?]
	at com.mojang.authlib.yggdrasil.YggdrasilUserApiService.<init>(YggdrasilUserApiService.java:44) ~[authlib-3.2.38.jar:?]
	at com.mojang.authlib.yggdrasil.YggdrasilAuthenticationService.createUserApiService(YggdrasilAuthenticationService.java:153) ~[authlib-3.2.38.jar:?]
	at net.minecraft.client.MinecraftClient.createUserApiService(MinecraftClient.java:670) [minecraft-project-@-merged-named.jar:?]
	at net.minecraft.client.MinecraftClient.<init>(MinecraftClient.java:424) [minecraft-project-@-merged-named.jar:?]
	at net.minecraft.client.main.Main.main(Main.java:199) [minecraft-project-@-merged-named.jar:?]
	at jdk.internal.reflect.NativeMethodAccessorImpl.invoke0(Native Method) ~[?:?]
	at jdk.internal.reflect.NativeMethodAccessorImpl.invoke(NativeMethodAccessorImpl.java:77) ~[?:?]
	at jdk.internal.reflect.DelegatingMethodAccessorImpl.invoke(DelegatingMethodAccessorImpl.java:43) ~[?:?]
	at java.lang.reflect.Method.invoke(Method.java:568) ~[?:?]
	at net.fabricmc.loader.impl.game.minecraft.MinecraftGameProvider.launch(MinecraftGameProvider.java:416) [fabric-loader-0.13.3.jar:?]
	at net.fabricmc.loader.impl.launch.knot.Knot.launch(Knot.java:77) [fabric-loader-0.13.3.jar:?]
	at net.fabricmc.loader.impl.launch.knot.KnotClient.main(KnotClient.java:23) [fabric-loader-0.13.3.jar:?]
	at net.fabricmc.devlaunchinjector.Main.main(Main.java:86) [dev-launch-injector-0.2.1+build.8.jar:?]
Caused by: com.mojang.authlib.exceptions.MinecraftClientHttpException: Status: 401
	at com.mojang.authlib.minecraft.client.MinecraftClient.readInputStream(MinecraftClient.java:78) ~[authlib-3.2.38.jar:?]
	at com.mojang.authlib.minecraft.client.MinecraftClient.get(MinecraftClient.java:48) ~[authlib-3.2.38.jar:?]
	at com.mojang.authlib.yggdrasil.YggdrasilUserApiService.fetchProperties(YggdrasilUserApiService.java:113) ~[authlib-3.2.38.jar:?]
	... 13 more
[08:56:49] [Render thread/INFO] (Minecraft) Setting user: Player725
[08:56:49] [Render thread/INFO] (MOD_ID) Registering Mod Items forodys
[08:56:49] [Render thread/INFO] (MOD_ID) Registering ModBlocks for odys
[08:56:49] [Render thread/INFO] (MOD_ID) Registering Paintings for odys
[08:56:49] [Render thread/INFO] (Indigo) [Indigo] Registering Indigo renderer!
[08:56:50] [Render thread/INFO] (Minecraft) Backend library: LWJGL version 3.2.1 build 12
[08:56:53] [Render thread/INFO] (Minecraft) Reloading ResourceManager: Default, Fabric Mods (Fabric Lifecycle Events (v1), Fabric Renderer API (v1), Fabric Tag Extensions (v0), Fabric Rendering Data Attachment (v1), Fabric Biome API (v1), Fabric Tool Attribute API (v1), Fabric Game Rule API (v1), Fabric Events Interaction (v0), Fabric Structure API (v1), Fabric Networking API (v1), Fabric Loader, Fabric Rendering (v1), Fabric Resource Conditions API (v1), Fabric Data Generation API (v1), Fabric Key Binding API (v1), Fabric Dimensions API (v1), Fabric Renderer - Indigo, Fabric API Lookup API (v1), Fabric Registry Sync (v0), Fabric Command API (v1), Fabric Events Lifecycle (v0), Fabric API Base, Fabric Entity Events (v1), Fabric Loot Tables (v1), Fabric Commands (v0), Fabric Renderer Registries (v1), Fabric Item Groups (v0), Fabric Models (v0), Fabric Particles (v1), OdysseyCraft, Fabric Object Builder API (v1), Fabric BlockRenderLayer Registration (v1), Fabric API, Fabric Transfer API (v1), Fabric Resource Loader (v0), Fabric Item API (v1), Fabric Screen API (v1), Fabric Containers (v0), Fabric Textures (v0), Fabric Networking (v0), Fabric Crash Report Info (v1), Fabric Key Bindings (v0), Fabric Content Registries (v0), Fabric Game Test API (v1), Fabric Object Builders (v0), Fabric Rendering (v0), Fabric Screen Handler API (v1), Fabric Mining Level API (v1), Fabric Rendering Fluids (v1), Fabric Mining Levels (v0))
[08:56:53] [Render thread/INFO] (MOD_ID) This line is printed by an example mod mixin!
[08:56:55] [Realms Notification Availability checker #1/INFO] (Minecraft) Could not authorize you against Realms server: Invalid session id
[08:56:58] [Worker-Main-5/WARN] (Minecraft) Exception loading blockstate definition: odys:blockstates/redwood_fence.json: java.io.FileNotFoundException: odys:blockstates/redwood_fence.json
[08:56:58] [Worker-Main-5/WARN] (Minecraft) Exception loading blockstate definition: 'odys:blockstates/redwood_fence.json' missing model for variant: 'odys:redwood_fence#east=false,north=false,south=true,waterlogged=false,west=true'
[08:56:58] [Worker-Main-5/WARN] (Minecraft) Exception loading blockstate definition: 'odys:blockstates/redwood_fence.json' missing model for variant: 'odys:redwood_fence#east=false,north=true,south=true,waterlogged=false,west=false'
[08:56:58] [Worker-Main-5/WARN] (Minecraft) Exception loading blockstate definition: 'odys:blockstates/redwood_fence.json' missing model for variant: 'odys:redwood_fence#east=true,north=false,south=true,waterlogged=false,west=false'
[08:56:58] [Worker-Main-5/WARN] (Minecraft) Exception loading blockstate definition: 'odys:blockstates/redwood_fence.json' missing model for variant: 'odys:redwood_fence#east=true,north=true,south=true,waterlogged=false,west=true'
[08:56:58] [Worker-Main-5/WARN] (Minecraft) Exception loading blockstate definition: 'odys:blockstates/redwood_fence.json' missing model for variant: 'odys:redwood_fence#east=true,north=false,south=true,waterlogged=false,west=true'
[08:56:58] [Worker-Main-5/WARN] (Minecraft) Exception loading blockstate definition: 'odys:blockstates/redwood_fence.json' missing model for variant: 'odys:redwood_fence#east=false,north=false,south=true,waterlogged=false,west=false'
[08:56:58] [Worker-Main-5/WARN] (Minecraft) Exception loading blockstate definition: 'odys:blockstates/redwood_fence.json' missing model for variant: 'odys:redwood_fence#east=true,north=true,south=true,waterlogged=true,west=false'
[08:56:58] [Worker-Main-5/WARN] (Minecraft) Exception loading blockstate definition: 'odys:blockstates/redwood_fence.json' missing model for variant: 'odys:redwood_fence#east=false,north=false,south=false,waterlogged=false,west=true'
[08:56:58] [Worker-Main-5/WARN] (Minecraft) Exception loading blockstate definition: 'odys:blockstates/redwood_fence.json' missing model for variant: 'odys:redwood_fence#east=false,north=false,south=false,waterlogged=false,west=false'
[08:56:58] [Worker-Main-5/WARN] (Minecraft) Exception loading blockstate definition: 'odys:blockstates/redwood_fence.json' missing model for variant: 'odys:redwood_fence#east=false,north=true,south=false,waterlogged=true,west=false'
[08:56:58] [Worker-Main-5/WARN] (Minecraft) Exception loading blockstate definition: 'odys:blockstates/redwood_fence.json' missing model for variant: 'odys:redwood_fence#east=true,north=false,south=false,waterlogged=false,west=false'
[08:56:58] [Worker-Main-5/WARN] (Minecraft) Exception loading blockstate definition: 'odys:blockstates/redwood_fence.json' missing model for variant: 'odys:redwood_fence#east=true,north=true,south=false,waterlogged=false,west=true'
[08:56:58] [Worker-Main-5/WARN] (Minecraft) Exception loading blockstate definition: 'odys:blockstates/redwood_fence.json' missing model for variant: 'odys:redwood_fence#east=false,north=true,south=true,waterlogged=true,west=true'
[08:56:58] [Worker-Main-5/WARN] (Minecraft) Exception loading blockstate definition: 'odys:blockstates/redwood_fence.json' missing model for variant: 'odys:redwood_fence#east=true,north=false,south=false,waterlogged=true,west=false'
[08:56:58] [Worker-Main-5/WARN] (Minecraft) Exception loading blockstate definition: 'odys:blockstates/redwood_fence.json' missing model for variant: 'odys:redwood_fence#east=true,north=true,south=false,waterlogged=true,west=true'
[08:56:58] [Worker-Main-5/WARN] (Minecraft) Exception loading blockstate definition: 'odys:blockstates/redwood_fence.json' missing model for variant: 'odys:redwood_fence#east=true,north=true,south=true,waterlogged=true,west=true'
[08:56:58] [Worker-Main-5/WARN] (Minecraft) Exception loading blockstate definition: 'odys:blockstates/redwood_fence.json' missing model for variant: 'odys:redwood_fence#east=true,north=true,south=false,waterlogged=true,west=false'
[08:56:58] [Worker-Main-5/WARN] (Minecraft) Exception loading blockstate definition: 'odys:blockstates/redwood_fence.json' missing model for variant: 'odys:redwood_fence#east=false,north=true,south=true,waterlogged=true,west=false'
[08:56:58] [Worker-Main-5/WARN] (Minecraft) Exception loading blockstate definition: 'odys:blockstates/redwood_fence.json' missing model for variant: 'odys:redwood_fence#east=false,north=false,south=false,waterlogged=true,west=true'
[08:56:58] [Worker-Main-5/WARN] (Minecraft) Exception loading blockstate definition: 'odys:blockstates/redwood_fence.json' missing model for variant: 'odys:redwood_fence#east=true,north=true,south=false,waterlogged=false,west=false'
[08:56:58] [Worker-Main-5/WARN] (Minecraft) Exception loading blockstate definition: 'odys:blockstates/redwood_fence.json' missing model for variant: 'odys:redwood_fence#east=false,north=true,south=false,waterlogged=false,west=false'
[08:56:58] [Worker-Main-5/WARN] (Minecraft) Exception loading blockstate definition: 'odys:blockstates/redwood_fence.json' missing model for variant: 'odys:redwood_fence#east=false,north=true,south=false,waterlogged=true,west=true'
[08:56:58] [Worker-Main-5/WARN] (Minecraft) Exception loading blockstate definition: 'odys:blockstates/redwood_fence.json' missing model for variant: 'odys:redwood_fence#east=false,north=false,south=true,waterlogged=true,west=false'
[08:56:58] [Worker-Main-5/WARN] (Minecraft) Exception loading blockstate definition: 'odys:blockstates/redwood_fence.json' missing model for variant: 'odys:redwood_fence#east=true,north=false,south=true,waterlogged=true,west=false'
[08:56:58] [Worker-Main-5/WARN] (Minecraft) Exception loading blockstate definition: 'odys:blockstates/redwood_fence.json' missing model for variant: 'odys:redwood_fence#east=false,north=false,south=false,waterlogged=true,west=false'
[08:56:58] [Worker-Main-5/WARN] (Minecraft) Exception loading blockstate definition: 'odys:blockstates/redwood_fence.json' missing model for variant: 'odys:redwood_fence#east=false,north=false,south=true,waterlogged=true,west=true'
[08:56:58] [Worker-Main-5/WARN] (Minecraft) Exception loading blockstate definition: 'odys:blockstates/redwood_fence.json' missing model for variant: 'odys:redwood_fence#east=true,north=false,south=false,waterlogged=true,west=true'
[08:56:58] [Worker-Main-5/WARN] (Minecraft) Exception loading blockstate definition: 'odys:blockstates/redwood_fence.json' missing model for variant: 'odys:redwood_fence#east=true,north=false,south=false,waterlogged=false,west=true'
[08:56:58] [Worker-Main-5/WARN] (Minecraft) Exception loading blockstate definition: 'odys:blockstates/redwood_fence.json' missing model for variant: 'odys:redwood_fence#east=true,north=true,south=true,waterlogged=false,west=false'
[08:56:58] [Worker-Main-5/WARN] (Minecraft) Exception loading blockstate definition: 'odys:blockstates/redwood_fence.json' missing model for variant: 'odys:redwood_fence#east=false,north=true,south=true,waterlogged=false,west=true'
[08:56:58] [Worker-Main-5/WARN] (Minecraft) Exception loading blockstate definition: 'odys:blockstates/redwood_fence.json' missing model for variant: 'odys:redwood_fence#east=true,north=false,south=true,waterlogged=true,west=true'
[08:56:58] [Worker-Main-5/WARN] (Minecraft) Exception loading blockstate definition: 'odys:blockstates/redwood_fence.json' missing model for variant: 'odys:redwood_fence#east=false,north=true,south=false,waterlogged=false,west=true'
[08:56:58] [Worker-Main-5/WARN] (Minecraft) Unable to load model: 'biomeoverh:block/redwood_stairs_outer' referenced from: odys:redwood_stairs#facing=north,half=top,shape=straight,waterlogged=true: java.io.FileNotFoundException: biomeoverh:models/block/redwood_stairs_outer.json
[08:56:58] [Worker-Main-5/WARN] (Minecraft) Unable to load model: 'biomeoverh:block/redwood_stairs' referenced from: odys:redwood_stairs#facing=north,half=top,shape=straight,waterlogged=true: java.io.FileNotFoundException: biomeoverh:models/block/redwood_stairs.json
[08:56:58] [Worker-Main-5/WARN] (Minecraft) Unable to load model: 'biomeoverh:block/redwood_stairs_inner' referenced from: odys:redwood_stairs#facing=north,half=top,shape=straight,waterlogged=true: java.io.FileNotFoundException: biomeoverh:models/block/redwood_stairs_inner.json
[08:56:58] [Worker-Main-5/WARN] (Minecraft) Unable to load model: 'odys:block/redwood_door_bottom' referenced from: odys:redwood_door#facing=north,half=upper,hinge=left,open=true,powered=true: java.io.FileNotFoundException: odys:models/block/redwood_door_bottom.json
[08:56:58] [Worker-Main-5/WARN] (Minecraft) Unable to load model: 'odys:garlic_bread#inventory' referenced from: odys:garlic_bread#inventory: java.io.FileNotFoundException: odys:models/item/garlic_bread.json
[08:56:59] [Worker-Main-9/ERROR] (Minecraft) Using missing texture, unable to load odys:textures/block/redwood_door_top.png : java.io.FileNotFoundException: odys:textures/block/redwood_door_top.png
[08:56:59] [Worker-Main-9/ERROR] (Minecraft) Using missing texture, unable to load odys:textures/block/redwood_door_bottom.png : java.io.FileNotFoundException: odys:textures/block/redwood_door_bottom.png
[08:56:59] [Worker-Main-9/ERROR] (Minecraft) Using missing texture, unable to load odys:textures/item/redwood_door.png : java.io.FileNotFoundException: odys:textures/item/redwood_door.png
[08:56:59] [Worker-Main-9/ERROR] (Minecraft) Using missing texture, unable to load odys:textures/block/redwood_trapdoor.png : java.io.FileNotFoundException: odys:textures/block/redwood_trapdoor.png
[08:57:00] [Render thread/INFO] (Minecraft) OpenAL initialized on device CoreAudio Default
[08:57:00] [Render thread/INFO] (Minecraft) Sound engine started
[08:57:01] [Render thread/INFO] (Minecraft) Created: 1024x1024x4 minecraft:textures/atlas/blocks.png-atlas
[08:57:01] [Render thread/INFO] (Minecraft) Created: 256x128x4 minecraft:textures/atlas/signs.png-atlas
[08:57:01] [Render thread/INFO] (Minecraft) Created: 1024x512x4 minecraft:textures/atlas/banner_patterns.png-atlas
[08:57:01] [Render thread/INFO] (Minecraft) Created: 1024x512x4 minecraft:textures/atlas/shield_patterns.png-atlas
[08:57:01] [Render thread/INFO] (Minecraft) Created: 256x256x4 minecraft:textures/atlas/chest.png-atlas
[08:57:01] [Render thread/INFO] (Minecraft) Created: 512x256x4 minecraft:textures/atlas/beds.png-atlas
[08:57:01] [Render thread/INFO] (Minecraft) Created: 512x256x4 minecraft:textures/atlas/shulker_boxes.png-atlas
[08:57:04] [Render thread/INFO] (Minecraft) Created: 256x256x0 minecraft:textures/atlas/particles.png-atlas
[08:57:04] [Render thread/INFO] (Minecraft) Created: 256x256x0 minecraft:textures/atlas/paintings.png-atlas
[08:57:04] [Render thread/INFO] (Minecraft) Created: 256x128x0 minecraft:textures/atlas/mob_effects.png-atlas
[08:57:04] [Render thread/INFO] (MOD_ID) This line is printed by an example mod mixin!
[08:57:13] [Render thread/WARN] (Minecraft) Ambiguity between arguments [teleport, location] and [teleport, destination] with inputs: [0.1 -0.5 .9, 0 0 0]
[08:57:13] [Render thread/WARN] (Minecraft) Ambiguity between arguments [teleport, location] and [teleport, targets] with inputs: [0.1 -0.5 .9, 0 0 0]
[08:57:13] [Render thread/WARN] (Minecraft) Ambiguity between arguments [teleport, destination] and [teleport, targets] with inputs: [Player, 0123, @e, dd12be42-52a9-4a91-a8a1-11c01849e498]
[08:57:13] [Render thread/WARN] (Minecraft) Ambiguity between arguments [teleport, targets] and [teleport, destination] with inputs: [Player, 0123, dd12be42-52a9-4a91-a8a1-11c01849e498]
[08:57:13] [Render thread/WARN] (Minecraft) Ambiguity between arguments [teleport, targets, location] and [teleport, targets, destination] with inputs: [0.1 -0.5 .9, 0 0 0]
[08:57:13] [Render thread/INFO] (Minecraft) Reloading ResourceManager: Default, Fabric Mods (Fabric Tool Attribute API (v1), OdysseyCraft, Fabric Game Test API (v1))
[08:57:14] [Render thread/INFO] (Minecraft) Loaded 7 recipes
[08:57:14] [Render thread/INFO] (Minecraft) Loaded 1141 advancements
[08:57:18] [Render thread/INFO] (Minecraft) Environment: authHost='https://authserver.mojang.com', accountsHost='https://api.mojang.com', sessionHost='https://sessionserver.mojang.com', servicesHost='https://api.minecraftservices.com', name='PROD'
[08:57:18] [Render thread/INFO] (BiomeModificationImpl) Applied 0 biome modifications to 0 of 61 new biomes in 7.708 ms
[08:57:18] [Server thread/INFO] (Minecraft) Starting integrated minecraft server version 1.18.1
[08:57:18] [Server thread/INFO] (Minecraft) Generating keypair
[08:57:19] [Server thread/INFO] (Minecraft) Preparing start region for dimension minecraft:overworld
[08:57:23] [Render thread/INFO] (Minecraft) Preparing spawn area: 0%
[08:57:23] [Render thread/INFO] (Minecraft) Preparing spawn area: 0%
[08:57:23] [Render thread/INFO] (Minecraft) Preparing spawn area: 0%
[08:57:23] [Render thread/INFO] (Minecraft) Preparing spawn area: 0%
[08:57:23] [Render thread/INFO] (Minecraft) Preparing spawn area: 0%
[08:57:23] [Render thread/INFO] (Minecraft) Preparing spawn area: 0%
[08:57:23] [Render thread/INFO] (Minecraft) Preparing spawn area: 0%
[08:57:24] [Render thread/INFO] (Minecraft) Preparing spawn area: 0%
[08:57:24] [Render thread/INFO] (Minecraft) Preparing spawn area: 0%
[08:57:24] [Render thread/INFO] (Minecraft) Preparing spawn area: 0%
[08:57:24] [Render thread/INFO] (Minecraft) Preparing spawn area: 0%
[08:57:24] [Render thread/INFO] (Minecraft) Preparing spawn area: 0%
[08:57:25] [Render thread/INFO] (Minecraft) Preparing spawn area: 0%
[08:57:25] [Render thread/INFO] (Minecraft) Preparing spawn area: 0%
[08:57:26] [Render thread/INFO] (Minecraft) Preparing spawn area: 0%
[08:57:26] [Render thread/INFO] (Minecraft) Preparing spawn area: 0%
[08:57:27] [Render thread/INFO] (Minecraft) Preparing spawn area: 0%
[08:57:27] [Render thread/INFO] (Minecraft) Preparing spawn area: 0%
[08:57:28] [Render thread/INFO] (Minecraft) Preparing spawn area: 0%
[08:57:29] [Render thread/INFO] (Minecraft) Preparing spawn area: 1%
[08:57:29] [Render thread/INFO] (Minecraft) Preparing spawn area: 1%
[08:57:29] [Render thread/INFO] (Minecraft) Preparing spawn area: 3%
[08:57:30] [Render thread/INFO] (Minecraft) Preparing spawn area: 4%
[08:57:30] [Render thread/INFO] (Minecraft) Preparing spawn area: 4%
[08:57:31] [Render thread/INFO] (Minecraft) Preparing spawn area: 8%
[08:57:32] [Render thread/INFO] (Minecraft) Preparing spawn area: 10%
[08:57:32] [Render thread/INFO] (Minecraft) Preparing spawn area: 10%
[08:57:34] [Render thread/INFO] (Minecraft) Preparing spawn area: 13%
[08:57:34] [Render thread/INFO] (Minecraft) Preparing spawn area: 13%
[08:57:34] [Render thread/INFO] (Minecraft) Preparing spawn area: 13%
[08:57:34] [Render thread/INFO] (Minecraft) Preparing spawn area: 14%
[08:57:34] [Render thread/INFO] (Minecraft) Preparing spawn area: 14%
[08:57:35] [Render thread/INFO] (Minecraft) Preparing spawn area: 15%
[08:57:35] [Render thread/INFO] (Minecraft) Preparing spawn area: 21%
[08:57:36] [Render thread/INFO] (Minecraft) Preparing spawn area: 21%
[08:57:37] [Render thread/INFO] (Minecraft) Preparing spawn area: 26%
[08:57:37] [Render thread/INFO] (Minecraft) Preparing spawn area: 27%
[08:57:38] [Render thread/INFO] (Minecraft) Preparing spawn area: 31%
[08:57:38] [Render thread/INFO] (Minecraft) Preparing spawn area: 35%
[08:57:38] [Render thread/INFO] (Minecraft) Preparing spawn area: 35%
[08:57:39] [Render thread/INFO] (Minecraft) Preparing spawn area: 37%
[08:57:39] [Render thread/INFO] (Minecraft) Preparing spawn area: 37%
[08:57:40] [Render thread/INFO] (Minecraft) Preparing spawn area: 41%
[08:57:40] [Render thread/INFO] (Minecraft) Preparing spawn area: 45%
[08:57:41] [Render thread/INFO] (Minecraft) Preparing spawn area: 51%
[08:57:42] [Render thread/INFO] (Minecraft) Preparing spawn area: 52%
[08:57:42] [Render thread/INFO] (Minecraft) Preparing spawn area: 58%
[08:57:42] [Render thread/INFO] (Minecraft) Preparing spawn area: 61%
[08:57:43] [Render thread/INFO] (Minecraft) Preparing spawn area: 66%
[08:57:43] [Render thread/INFO] (Minecraft) Preparing spawn area: 71%
[08:57:44] [Render thread/INFO] (Minecraft) Preparing spawn area: 74%
[08:57:45] [Render thread/INFO] (Minecraft) Preparing spawn area: 80%
[08:57:45] [Render thread/INFO] (Minecraft) Preparing spawn area: 83%
[08:57:45] [Render thread/INFO] (Minecraft) Preparing spawn area: 87%
[08:57:46] [Render thread/INFO] (Minecraft) Preparing spawn area: 91%
[08:57:52] [Render thread/INFO] (Minecraft) Time elapsed: 32768 ms
[08:57:54] [Server thread/INFO] (Minecraft) Changing view distance to 13, from 10
[08:57:54] [Server thread/INFO] (Minecraft) Changing simulation distance to 12, from 0
[08:57:54] [Server thread/WARN] (Minecraft) Can't keep up! Is the server overloaded? Running 2071ms or 41 ticks behind
[08:57:56] [Server thread/INFO] (Minecraft) Player725[local:E:b3410b86] logged in with entity id 75 at (-16.06001018997653, -60.0, -3.3796329464174892)
[08:57:57] [Server thread/INFO] (Minecraft) Player725 joined the game
[08:58:01] [Render thread/INFO] (Minecraft) Loaded 17 advancements
[08:58:04] [Worker-Main-9/WARN] (Minecraft) Couldn't look up profile properties for com.mojang.authlib.GameProfile@b6ef3f4[id=ef82fb01-b598-3553-9c9c-a797489528f6,name=Player725,properties={},legacy=false]
com.mojang.authlib.exceptions.AuthenticationUnavailableException: Cannot contact authentication server
	at com.mojang.authlib.yggdrasil.YggdrasilAuthenticationService.makeRequest(YggdrasilAuthenticationService.java:126) ~[authlib-3.2.38.jar:?]
	at com.mojang.authlib.yggdrasil.YggdrasilAuthenticationService.makeRequest(YggdrasilAuthenticationService.java:100) ~[authlib-3.2.38.jar:?]
	at com.mojang.authlib.yggdrasil.YggdrasilMinecraftSessionService.fillGameProfile(YggdrasilMinecraftSessionService.java:194) ~[authlib-3.2.38.jar:?]
	at com.mojang.authlib.yggdrasil.YggdrasilMinecraftSessionService$1.load(YggdrasilMinecraftSessionService.java:68) ~[authlib-3.2.38.jar:?]
	at com.mojang.authlib.yggdrasil.YggdrasilMinecraftSessionService$1.load(YggdrasilMinecraftSessionService.java:65) ~[authlib-3.2.38.jar:?]
	at com.google.common.cache.LocalCache$LoadingValueReference.loadFuture(LocalCache.java:3533) ~[guava-31.0.1-jre.jar:?]
	at com.google.common.cache.LocalCache$Segment.loadSync(LocalCache.java:2282) ~[guava-31.0.1-jre.jar:?]
	at com.google.common.cache.LocalCache$Segment.lockedGetOrLoad(LocalCache.java:2159) ~[guava-31.0.1-jre.jar:?]
	at com.google.common.cache.LocalCache$Segment.get(LocalCache.java:2049) ~[guava-31.0.1-jre.jar:?]
	at com.google.common.cache.LocalCache.get(LocalCache.java:3966) ~[guava-31.0.1-jre.jar:?]
	at com.google.common.cache.LocalCache.getOrLoad(LocalCache.java:3989) ~[guava-31.0.1-jre.jar:?]
	at com.google.common.cache.LocalCache$LocalLoadingCache.get(LocalCache.java:4950) ~[guava-31.0.1-jre.jar:?]
	at com.google.common.cache.LocalCache$LocalLoadingCache.getUnchecked(LocalCache.java:4956) ~[guava-31.0.1-jre.jar:?]
	at com.mojang.authlib.yggdrasil.YggdrasilMinecraftSessionService.fillProfileProperties(YggdrasilMinecraftSessionService.java:184) ~[authlib-3.2.38.jar:?]
	at net.minecraft.client.MinecraftClient.getSessionProperties(MinecraftClient.java:2496) ~[minecraft-project-@-merged-named.jar:?]
	at net.minecraft.client.texture.PlayerSkinProvider.method_4653(PlayerSkinProvider.java:97) ~[minecraft-project-@-merged-named.jar:?]
	at java.util.concurrent.ForkJoinTask$RunnableExecuteAction.exec(ForkJoinTask.java:1395) [?:?]
	at java.util.concurrent.ForkJoinTask.doExec(ForkJoinTask.java:373) [?:?]
	at java.util.concurrent.ForkJoinPool$WorkQueue.topLevelExec(ForkJoinPool.java:1182) [?:?]
	at java.util.concurrent.ForkJoinPool.scan(ForkJoinPool.java:1655) [?:?]
	at java.util.concurrent.ForkJoinPool.runWorker(ForkJoinPool.java:1622) [?:?]
	at java.util.concurrent.ForkJoinWorkerThread.run(ForkJoinWorkerThread.java:165) [?:?]
Caused by: javax.net.ssl.SSLHandshakeException: PKIX path building failed: sun.security.provider.certpath.SunCertPathBuilderException: unable to find valid certification path to requested target
	at sun.security.ssl.Alert.createSSLException(Alert.java:131) ~[?:?]
	at sun.security.ssl.TransportContext.fatal(TransportContext.java:371) ~[?:?]
	at sun.security.ssl.TransportContext.fatal(TransportContext.java:314) ~[?:?]
	at sun.security.ssl.TransportContext.fatal(TransportContext.java:309) ~[?:?]
	at sun.security.ssl.CertificateMessage$T12CertificateConsumer.checkServerCerts(CertificateMessage.java:654) ~[?:?]
	at sun.security.ssl.CertificateStatus$CertificateStatusConsumer.consume(CertificateStatus.java:293) ~[?:?]
	at sun.security.ssl.SSLHandshake.consume(SSLHandshake.java:396) ~[?:?]
	at sun.security.ssl.HandshakeContext.dispatch(HandshakeContext.java:480) ~[?:?]
	at sun.security.ssl.HandshakeContext.dispatch(HandshakeContext.java:458) ~[?:?]
	at sun.security.ssl.TransportContext.dispatch(TransportContext.java:201) ~[?:?]
	at sun.security.ssl.SSLTransport.decode(SSLTransport.java:172) ~[?:?]
	at sun.security.ssl.SSLSocketImpl.decode(SSLSocketImpl.java:1500) ~[?:?]
	at sun.security.ssl.SSLSocketImpl.readHandshakeRecord(SSLSocketImpl.java:1415) ~[?:?]
	at sun.security.ssl.SSLSocketImpl.startHandshake(SSLSocketImpl.java:450) ~[?:?]
	at sun.security.ssl.SSLSocketImpl.startHandshake(SSLSocketImpl.java:421) ~[?:?]
	at sun.net.www.protocol.https.HttpsClient.afterConnect(HttpsClient.java:580) ~[?:?]
	at sun.net.www.protocol.https.AbstractDelegateHttpsURLConnection.connect(AbstractDelegateHttpsURLConnection.java:183) ~[?:?]
	at sun.net.www.protocol.http.HttpURLConnection.getInputStream0(HttpURLConnection.java:1665) ~[?:?]
	at sun.net.www.protocol.http.HttpURLConnection.getInputStream(HttpURLConnection.java:1589) ~[?:?]
	at sun.net.www.protocol.https.HttpsURLConnectionImpl.getInputStream(HttpsURLConnectionImpl.java:224) ~[?:?]
	at com.mojang.authlib.HttpAuthenticationService.performGetRequest(HttpAuthenticationService.java:140) ~[authlib-3.2.38.jar:?]
	at com.mojang.authlib.yggdrasil.YggdrasilAuthenticationService.makeRequest(YggdrasilAuthenticationService.java:105) ~[authlib-3.2.38.jar:?]
	... 21 more
Caused by: sun.security.validator.ValidatorException: PKIX path building failed: sun.security.provider.certpath.SunCertPathBuilderException: unable to find valid certification path to requested target
	at sun.security.validator.PKIXValidator.doBuild(PKIXValidator.java:439) ~[?:?]
	at sun.security.validator.PKIXValidator.engineValidate(PKIXValidator.java:306) ~[?:?]
	at sun.security.validator.Validator.validate(Validator.java:264) ~[?:?]
	at sun.security.ssl.X509TrustManagerImpl.checkTrusted(X509TrustManagerImpl.java:231) ~[?:?]
	at sun.security.ssl.X509TrustManagerImpl.checkServerTrusted(X509TrustManagerImpl.java:132) ~[?:?]
	at sun.security.ssl.CertificateMessage$T12CertificateConsumer.checkServerCerts(CertificateMessage.java:638) ~[?:?]
	at sun.security.ssl.CertificateStatus$CertificateStatusConsumer.consume(CertificateStatus.java:293) ~[?:?]
	at sun.security.ssl.SSLHandshake.consume(SSLHandshake.java:396) ~[?:?]
	at sun.security.ssl.HandshakeContext.dispatch(HandshakeContext.java:480) ~[?:?]
	at sun.security.ssl.HandshakeContext.dispatch(HandshakeContext.java:458) ~[?:?]
	at sun.security.ssl.TransportContext.dispatch(TransportContext.java:201) ~[?:?]
	at sun.security.ssl.SSLTransport.decode(SSLTransport.java:172) ~[?:?]
	at sun.security.ssl.SSLSocketImpl.decode(SSLSocketImpl.java:1500) ~[?:?]
	at sun.security.ssl.SSLSocketImpl.readHandshakeRecord(SSLSocketImpl.java:1415) ~[?:?]
	at sun.security.ssl.SSLSocketImpl.startHandshake(SSLSocketImpl.java:450) ~[?:?]
	at sun.security.ssl.SSLSocketImpl.startHandshake(SSLSocketImpl.java:421) ~[?:?]
	at sun.net.www.protocol.https.HttpsClient.afterConnect(HttpsClient.java:580) ~[?:?]
	at sun.net.www.protocol.https.AbstractDelegateHttpsURLConnection.connect(AbstractDelegateHttpsURLConnection.java:183) ~[?:?]
	at sun.net.www.protocol.http.HttpURLConnection.getInputStream0(HttpURLConnection.java:1665) ~[?:?]
	at sun.net.www.protocol.http.HttpURLConnection.getInputStream(HttpURLConnection.java:1589) ~[?:?]
	at sun.net.www.protocol.https.HttpsURLConnectionImpl.getInputStream(HttpsURLConnectionImpl.java:224) ~[?:?]
	at com.mojang.authlib.HttpAuthenticationService.performGetRequest(HttpAuthenticationService.java:140) ~[authlib-3.2.38.jar:?]
	at com.mojang.authlib.yggdrasil.YggdrasilAuthenticationService.makeRequest(YggdrasilAuthenticationService.java:105) ~[authlib-3.2.38.jar:?]
	... 21 more
Caused by: sun.security.provider.certpath.SunCertPathBuilderException: unable to find valid certification path to requested target
	at sun.security.provider.certpath.SunCertPathBuilder.build(SunCertPathBuilder.java:141) ~[?:?]
	at sun.security.provider.certpath.SunCertPathBuilder.engineBuild(SunCertPathBuilder.java:126) ~[?:?]
	at java.security.cert.CertPathBuilder.build(CertPathBuilder.java:297) ~[?:?]
	at sun.security.validator.PKIXValidator.doBuild(PKIXValidator.java:434) ~[?:?]
	at sun.security.validator.PKIXValidator.engineValidate(PKIXValidator.java:306) ~[?:?]
	at sun.security.validator.Validator.validate(Validator.java:264) ~[?:?]
	at sun.security.ssl.X509TrustManagerImpl.checkTrusted(X509TrustManagerImpl.java:231) ~[?:?]
	at sun.security.ssl.X509TrustManagerImpl.checkServerTrusted(X509TrustManagerImpl.java:132) ~[?:?]
	at sun.security.ssl.CertificateMessage$T12CertificateConsumer.checkServerCerts(CertificateMessage.java:638) ~[?:?]
	at sun.security.ssl.CertificateStatus$CertificateStatusConsumer.consume(CertificateStatus.java:293) ~[?:?]
	at sun.security.ssl.SSLHandshake.consume(SSLHandshake.java:396) ~[?:?]
	at sun.security.ssl.HandshakeContext.dispatch(HandshakeContext.java:480) ~[?:?]
	at sun.security.ssl.HandshakeContext.dispatch(HandshakeContext.java:458) ~[?:?]
	at sun.security.ssl.TransportContext.dispatch(TransportContext.java:201) ~[?:?]
	at sun.security.ssl.SSLTransport.decode(SSLTransport.java:172) ~[?:?]
	at sun.security.ssl.SSLSocketImpl.decode(SSLSocketImpl.java:1500) ~[?:?]
	at sun.security.ssl.SSLSocketImpl.readHandshakeRecord(SSLSocketImpl.java:1415) ~[?:?]
	at sun.security.ssl.SSLSocketImpl.startHandshake(SSLSocketImpl.java:450) ~[?:?]
	at sun.security.ssl.SSLSocketImpl.startHandshake(SSLSocketImpl.java:421) ~[?:?]
	at sun.net.www.protocol.https.HttpsClient.afterConnect(HttpsClient.java:580) ~[?:?]
	at sun.net.www.protocol.https.AbstractDelegateHttpsURLConnection.connect(AbstractDelegateHttpsURLConnection.java:183) ~[?:?]
	at sun.net.www.protocol.http.HttpURLConnection.getInputStream0(HttpURLConnection.java:1665) ~[?:?]
	at sun.net.www.protocol.http.HttpURLConnection.getInputStream(HttpURLConnection.java:1589) ~[?:?]
	at sun.net.www.protocol.https.HttpsURLConnectionImpl.getInputStream(HttpsURLConnectionImpl.java:224) ~[?:?]
	at com.mojang.authlib.HttpAuthenticationService.performGetRequest(HttpAuthenticationService.java:140) ~[authlib-3.2.38.jar:?]
	at com.mojang.authlib.yggdrasil.YggdrasilAuthenticationService.makeRequest(YggdrasilAuthenticationService.java:105) ~[authlib-3.2.38.jar:?]
	... 21 more
[08:58:26] [Render thread/INFO] (Minecraft) Loaded 32 advancements
[08:58:36] [Server thread/INFO] (Minecraft) Saving and pausing game...
[08:58:36] [Server thread/INFO] (Minecraft) Saving chunks for level 'ServerLevel[MOD TESTING AND SHOWCASE]'/minecraft:overworld
[08:58:36] [Server thread/INFO] (Minecraft) Saving chunks for level 'ServerLevel[MOD TESTING AND SHOWCASE]'/minecraft:the_nether
[08:58:36] [Server thread/INFO] (Minecraft) Saving chunks for level 'ServerLevel[MOD TESTING AND SHOWCASE]'/minecraft:the_end
[08:58:56] [Server thread/INFO] (Minecraft) Saving and pausing game...
[08:58:56] [Server thread/INFO] (Minecraft) Saving chunks for level 'ServerLevel[MOD TESTING AND SHOWCASE]'/minecraft:overworld
[08:58:56] [Server thread/INFO] (Minecraft) Saving chunks for level 'ServerLevel[MOD TESTING AND SHOWCASE]'/minecraft:the_nether
[08:58:56] [Server thread/INFO] (Minecraft) Saving chunks for level 'ServerLevel[MOD TESTING AND SHOWCASE]'/minecraft:the_end
[08:59:10] [Server thread/INFO] (Minecraft) Saving and pausing game...
[08:59:10] [Server thread/INFO] (Minecraft) Saving chunks for level 'ServerLevel[MOD TESTING AND SHOWCASE]'/minecraft:overworld
[08:59:10] [Server thread/INFO] (Minecraft) Saving chunks for level 'ServerLevel[MOD TESTING AND SHOWCASE]'/minecraft:the_nether
[08:59:10] [Server thread/INFO] (Minecraft) Saving chunks for level 'ServerLevel[MOD TESTING AND SHOWCASE]'/minecraft:the_end
[08:59:11] [Server thread/INFO] (Minecraft) Player725 lost connection: Disconnected
[08:59:11] [Server thread/INFO] (Minecraft) Player725 left the game
[08:59:11] [Server thread/INFO] (Minecraft) Stopping singleplayer server as player logged out
[08:59:11] [Server thread/INFO] (Minecraft) Stopping server
[08:59:11] [Server thread/INFO] (Minecraft) Saving players
[08:59:11] [Server thread/INFO] (Minecraft) Saving worlds
[08:59:11] [Server thread/INFO] (Minecraft) Saving chunks for level 'ServerLevel[MOD TESTING AND SHOWCASE]'/minecraft:overworld
[08:59:11] [Server thread/INFO] (Minecraft) Saving chunks for level 'ServerLevel[MOD TESTING AND SHOWCASE]'/minecraft:the_nether
[08:59:11] [Server thread/INFO] (Minecraft) Saving chunks for level 'ServerLevel[MOD TESTING AND SHOWCASE]'/minecraft:the_end
[08:59:11] [Server thread/INFO] (Minecraft) ThreadedAnvilChunkStorage (MOD TESTING AND SHOWCASE): All chunks are saved
[08:59:11] [Server thread/INFO] (Minecraft) ThreadedAnvilChunkStorage (DIM-1): All chunks are saved
[08:59:11] [Server thread/INFO] (Minecraft) ThreadedAnvilChunkStorage (DIM1): All chunks are saved
[08:59:11] [Server thread/INFO] (Minecraft) ThreadedAnvilChunkStorage: All dimensions are saved
[08:59:12] [Render thread/INFO] (MOD_ID) This line is printed by an example mod mixin!
[08:59:12] [Render thread/INFO] (Minecraft) Stopping!
